[StateManager] 시작
[StateManager] ALARM 초기화 (OFF)
[StateManager] cams=2 moving=0 agg={1: {'person_with_helmet': 1, 'person_no_helmet': 0, 'hoist': 1}, 2: {'person_with_helmet': 1, 'person_no_helmet': 0, 'hoist': 0}} safety={1: None, 2: None}
[StateManager] cams=2 moving=1 agg={1: {'person_with_helmet': 1, 'person_no_helmet': 0, 'hoist': 1}, 2: {'person_with_helmet': 1, 'person_no_helmet': 0, 'hoist': 0}} safety={1: 'SAFE', 2: 'SAFE'}
[StateManager] ALARM ON (위험 상태 감지)
[StateManager EVENT] Z1 DANGER (helmet:1 total:2)
[StateManager EVENT] meta={"frame_ids": {"CAM0009": 20, "CAM0008": 20}, "moving_data": {"CAM0009": true, "CAM0008": false}, "zone_data": {"CAM0009": {"1": {"person_with_helmet": 0, "person_no_helmet": 1, "hoist": 1}, "2": {"person_with_helmet": 0, "person_no_helmet": 0, "hoist": 0}}, "CAM0008": {"1": {"person_with_helmet": 0, "person_no_helmet": 0, "hoist": 0}}}, "agg_counts": {"1": {"person_with_helmet": 1, "person_no_helmet": 1, "hoist": 1}, "2": {"person_with_helmet": 1, "person_no_helmet": 1, "hoist": 0}}, "safety_status": {"1": "DANGER", "2": "DANGER"}}
[StateManager] cams=2 moving=1 agg={1: {'person_with_helmet': 1, 'person_no_helmet': 1, 'hoist': 1}, 2: {'person_with_helmet': 1, 'person_no_helmet': 1, 'hoist': 0}} safety={1: 'DANGER', 2: 'DANGER'}
[StateManager] cams=2 moving=1 agg={1: {'person_with_helmet': 0, 'person_no_helmet': 1, 'hoist': 1}, 2: {'person_with_helmet': 0, 'person_no_helmet': 1, 'hoist': 0}} safety={1: 'DANGER', 2: 'DANGER'}
[StateManager] cams=2 moving=1 agg={1: {'person_with_helmet': 1, 'person_no_helmet': 0, 'hoist': 1}, 2: {'person_with_helmet': 1, 'person_no_helmet': 0, 'hoist': 0}} safety={1: 'DANGER', 2: 'DANGER'}
[StateManager] cams=2 moving=1 agg={1: {'person_with_helmet': 1, 'person_no_helmet': 0, 'hoist': 1}, 2: {'person_with_helmet': 1, 'person_no_helmet': 0, 'hoist': 0}} safety={1: 'DANGER', 2: 'DANGER'}
[StateManager] cams=2 moving=1 agg={1: {'person_with_helmet': 1, 'person_no_helmet': 1, 'hoist': 1}, 2: {'person_with_helmet': 1, 'person_no_helmet': 1, 'hoist': 0}} safety={1: 'DANGER', 2: 'DANGER'}
[StateManager] cams=2 moving=1 agg={1: {'person_with_helmet': 1, 'person_no_helmet': 0, 'hoist': 1}, 2: {'person_with_helmet': 1, 'person_no_helmet': 0, 'hoist': 0}} safety={1: 'DANGER', 2: 'DANGER'}
[StateManager] cams=2 moving=1 agg={1: {'person_with_helmet': 1, 'person_no_helmet': 0, 'hoist': 1}, 2: {'person_with_helmet': 1, 'person_no_helmet': 0, 'hoist': 0}} safety={1: 'DANGER', 2: 'DANGER'}
[StateManager] ALARM OFF (안전 상태 복귀)
[StateManager] cams=2 moving=1 agg={1: {'person_with_helmet': 0, 'person_no_helmet': 0, 'hoist': 1}, 2: {'person_with_helmet': 0, 'person_no_helmet': 0, 'hoist': 0}} safety={1: None, 2: None}
[StateManager] cams=2 moving=1 agg={1: {'person_with_helmet': 0, 'person_no_helmet': 1, 'hoist': 1}, 2: {'person_with_helmet': 0, 'person_no_helmet': 1, 'hoist': 0}} safety={1: 'DANGER', 2: 'DANGER'}
[StateManager] cams=2 moving=1 agg={1: {'person_with_helmet': 0, 'person_no_helmet': 0, 'hoist': 1}, 2: {'person_with_helmet': 0, 'person_no_helmet': 0, 'hoist': 0}} safety={1: None, 2: None}
[StateManager] cams=2 moving=1 agg={1: {'person_with_helmet': 0, 'person_no_helmet': 0, 'hoist': 1}, 2: {'person_with_helmet': 0, 'person_no_helmet': 0, 'hoist': 0}} safety={1: None, 2: None}
[StateManager] cams=2 moving=1 agg={1: {'person_with_helmet': 0, 'person_no_helmet': 0, 'hoist': 0}, 2: {'person_with_helmet': 0, 'person_no_helmet': 0, 'hoist': 0}} safety={1: None, 2: None}
[StateManager] cams=2 moving=1 agg={1: {'person_with_helmet': 0, 'person_no_helmet': 0, 'hoist': 0}, 2: {'person_with_helmet': 0, 'person_no_helmet': 0, 'hoist': 0}} safety={1: None, 2: None}
[StateManager] cams=2 moving=1 agg={1: {'person_with_helmet': 0, 'person_no_helmet': 0, 'hoist': 0}, 2: {'person_with_helmet': 0, 'person_no_helmet': 0, 'hoist': 0}} safety={1: None, 2: None}
[StateManager] cams=2 moving=1 agg={1: {'person_with_helmet': 0, 'person_no_helmet': 0, 'hoist': 0}, 2: {'person_with_helmet': 0, 'person_no_helmet': 0, 'hoist': 0}} safety={1: None, 2: None}
[StateManager] cams=2 moving=1 agg={1: {'person_with_helmet': 0, 'person_no_helmet': 0, 'hoist': 0}, 2: {'person_with_helmet': 0, 'person_no_helmet': 0, 'hoist': 0}} safety={1: None, 2: None}
[StateManager] cams=2 moving=0 agg={1: {'person_with_helmet': 0, 'person_no_helmet': 0, 'hoist': 0}, 2: {'person_with_helmet': 0, 'person_no_helmet': 0, 'hoist': 0}} safety={1: None, 2: None}
[StateManager] cams=2 moving=0 agg={1: {'person_with_helmet': 0, 'person_no_helmet': 0, 'hoist': 0}, 2: {'person_with_helmet': 0, 'person_no_helmet': 0, 'hoist': 0}} safety={1: None, 2: None}
[StateManager] cams=2 moving=0 agg={1: {'person_with_helmet': 0, 'person_no_helmet': 0, 'hoist': 0}, 2: {'person_with_helmet': 0, 'person_no_helmet': 0, 'hoist': 0}} safety={1: None, 2: None}
[StateManager] cams=2 moving=0 agg={1: {'person_with_helmet': 0, 'person_no_helmet': 0, 'hoist': 0}, 2: {'person_with_helmet': 0, 'person_no_helmet': 0, 'hoist': 0}} safety={1: None, 2: None}
[StateManager] cams=3 moving=0 agg={1: {'person_with_helmet': 1, 'person_no_helmet': 2, 'hoist': 0}, 2: {'person_with_helmet': 1, 'person_no_helmet': 2, 'hoist': 0}} safety={1: None, 2: None}
[StateManager] cams=3 moving=0 agg={1: {'person_with_helmet': 1, 'person_no_helmet': 2, 'hoist': 0}, 2: {'person_with_helmet': 1, 'person_no_helmet': 2, 'hoist': 0}} safety={1: None, 2: None}
[StateManager] cams=3 moving=0 agg={1: {'person_with_helmet': 1, 'person_no_helmet': 2, 'hoist': 0}, 2: {'person_with_helmet': 1, 'person_no_helmet': 2, 'hoist': 0}} safety={1: None, 2: None}
[StateManager] cams=3 moving=1 agg={1: {'person_with_helmet': 1, 'person_no_helmet': 2, 'hoist': 0}, 2: {'person_with_helmet': 1, 'person_no_helmet': 2, 'hoist': 0}} safety={1: 'SAFE', 2: 'SAFE'}
[StateManager] ALARM ON (위험 상태 감지)
[StateManager EVENT] Z1 DANGER (helmet:1 total:2)
[StateManager EVENT] meta={"frame_ids": {"CAM0010": 45, "CAM0009": 312, "CAM0008": 312}, "moving_data": {"CAM0010": false, "CAM0009": true, "CAM0008": false}, "zone_data": {"CAM0010": {"1": {"person_with_helmet": 0, "person_no_helmet": 1, "hoist": 0}}, "CAM0009": {"1": {"person_with_helmet": 0, "person_no_helmet": 1, "hoist": 0}, "2": {"person_with_helmet": 0, "person_no_helmet": 0, "hoist": 0}}, "CAM0008": {"1": {"person_with_helmet": 0, "person_no_helmet": 0, "hoist": 0}}}, "agg_counts": {"1": {"person_with_helmet": 1, "person_no_helmet": 1, "hoist": 0}, "2": {"person_with_helmet": 1, "person_no_helmet": 1, "hoist": 0}}, "safety_status": {"1": "DANGER", "2": "DANGER"}}
[StateManager] cams=3 moving=1 agg={1: {'person_with_helmet': 0, 'person_no_helmet': 1, 'hoist': 0}, 2: {'person_with_helmet': 0, 'person_no_helmet': 1, 'hoist': 0}} safety={1: 'DANGER', 2: 'DANGER'}
[StateManager] cams=3 moving=1 agg={1: {'person_with_helmet': 0, 'person_no_helmet': 1, 'hoist': 0}, 2: {'person_with_helmet': 0, 'person_no_helmet': 1, 'hoist': 0}} safety={1: 'DANGER', 2: 'DANGER'}
[StateManager] ALARM OFF (안전 상태 복귀)
[StateManager] cams=3 moving=1 agg={1: {'person_with_helmet': 0, 'person_no_helmet': 0, 'hoist': 0}, 2: {'person_with_helmet': 0, 'person_no_helmet': 0, 'hoist': 0}} safety={1: None, 2: None}
[StateManager] cams=3 moving=2 agg={1: {'person_with_helmet': 0, 'person_no_helmet': 0, 'hoist': 0}, 2: {'person_with_helmet': 0, 'person_no_helmet': 0, 'hoist': 0}} safety={1: None, 2: None}
[StateManager] cams=3 moving=2 agg={1: {'person_with_helmet': 0, 'person_no_helmet': 0, 'hoist': 0}, 2: {'person_with_helmet': 0, 'person_no_helmet': 0, 'hoist': 0}} safety={1: None, 2: None}
[StateManager] cams=3 moving=2 agg={1: {'person_with_helmet': 0, 'person_no_helmet': 0, 'hoist': 0}, 2: {'person_with_helmet': 0, 'person_no_helmet': 0, 'hoist': 0}} safety={1: None, 2: None}
[StateManager] cams=3 moving=2 agg={1: {'person_with_helmet': 0, 'person_no_helmet': 0, 'hoist': 0}, 2: {'person_with_helmet': 0, 'person_no_helmet': 0, 'hoist': 0}} safety={1: None, 2: None}
[StateManager] cams=3 moving=1 agg={1: {'person_with_helmet': 0, 'person_no_helmet': 1, 'hoist': 0}, 2: {'person_with_helmet': 0, 'person_no_helmet': 1, 'hoist': 0}} safety={1: 'SAFE', 2: 'SAFE'}
[StateManager] cams=3 moving=1 agg={1: {'person_with_helmet': 0, 'person_no_helmet': 0, 'hoist': 0}, 2: {'person_with_helmet': 0, 'person_no_helmet': 0, 'hoist': 0}} safety={1: None, 2: None}
[StateManager] cams=3 moving=1 agg={1: {'person_with_helmet': 0, 'person_no_helmet': 1, 'hoist': 0}, 2: {'person_with_helmet': 0, 'person_no_helmet': 1, 'hoist': 0}} safety={1: 'SAFE', 2: 'SAFE'}
[StateManager] cams=3 moving=1 agg={1: {'person_with_helmet': 0, 'person_no_helmet': 0, 'hoist': 0}, 2: {'person_with_helmet': 0, 'person_no_helmet': 0, 'hoist': 0}} safety={1: None, 2: None}
[StateManager] cams=3 moving=1 agg={1: {'person_with_helmet': 0, 'person_no_helmet': 0, 'hoist': 0}, 2: {'person_with_helmet': 0, 'person_no_helmet': 0, 'hoist': 0}} safety={1: None, 2: None}
[StateManager] cams=3 moving=1 agg={1: {'person_with_helmet': 0, 'person_no_helmet': 1, 'hoist': 0}, 2: {'person_with_helmet': 0, 'person_no_helmet': 1, 'hoist': 0}} safety={1: 'SAFE', 2: 'SAFE'}
[StateManager] cams=3 moving=1 agg={1: {'person_with_helmet': 0, 'person_no_helmet': 1, 'hoist': 0}, 2: {'person_with_helmet': 0, 'person_no_helmet': 1, 'hoist': 0}} safety={1: 'DANGER', 2: 'DANGER'}
[StateManager] cams=3 moving=1 agg={1: {'person_with_helmet': 0, 'person_no_helmet': 1, 'hoist': 0}, 2: {'person_with_helmet': 0, 'person_no_helmet': 1, 'hoist': 0}} safety={1: 'DANGER', 2: 'DANGER'}
[StateManager] cams=3 moving=0 agg={1: {'person_with_helmet': 0, 'person_no_helmet': 1, 'hoist': 0}, 2: {'person_with_helmet': 0, 'person_no_helmet': 1, 'hoist': 0}} safety={1: None, 2: None}
[StateManager] cams=3 moving=0 agg={1: {'person_with_helmet': 0, 'person_no_helmet': 0, 'hoist': 0}, 2: {'person_with_helmet': 0, 'person_no_helmet': 0, 'hoist': 0}} safety={1: None, 2: None}
[StateManager] cams=3 moving=0 agg={1: {'person_with_helmet': 1, 'person_no_helmet': 1, 'hoist': 0}, 2: {'person_with_helmet': 1, 'person_no_helmet': 1, 'hoist': 0}} safety={1: None, 2: None}
[StateManager] cams=3 moving=0 agg={1: {'person_with_helmet': 1, 'person_no_helmet': 1, 'hoist': 0}, 2: {'person_with_helmet': 1, 'person_no_helmet': 1, 'hoist': 0}} safety={1: None, 2: None}
[StateManager] cams=3 moving=0 agg={1: {'person_with_helmet': 1, 'person_no_helmet': 0, 'hoist': 0}, 2: {'person_with_helmet': 1, 'person_no_helmet': 0, 'hoist': 0}} safety={1: None, 2: None}
[StateManager] cams=3 moving=0 agg={1: {'person_with_helmet': 1, 'person_no_helmet': 1, 'hoist': 0}, 2: {'person_with_helmet': 1, 'person_no_helmet': 1, 'hoist': 0}} safety={1: None, 2: None}
[StateManager] cams=3 moving=0 agg={1: {'person_with_helmet': 1, 'person_no_helmet': 1, 'hoist': 0}, 2: {'person_with_helmet': 1, 'person_no_helmet': 1, 'hoist': 0}} safety={1: None, 2: None}
[StateManager] cams=3 moving=0 agg={1: {'person_with_helmet': 1, 'person_no_helmet': 1, 'hoist': 0}, 2: {'person_with_helmet': 1, 'person_no_helmet': 1, 'hoist': 0}} safety={1: None, 2: None}
[StateManager] cams=3 moving=0 agg={1: {'person_with_helmet': 1, 'person_no_helmet': 0, 'hoist': 0}, 2: {'person_with_helmet': 1, 'person_no_helmet': 0, 'hoist': 0}} safety={1: None, 2: None}
[StateManager] cams=3 moving=0 agg={1: {'person_with_helmet': 1, 'person_no_helmet': 2, 'hoist': 0}, 2: {'person_with_helmet': 1, 'person_no_helmet': 2, 'hoist': 0}} safety={1: None, 2: None}
[StateManager] cams=3 moving=0 agg={1: {'person_with_helmet': 1, 'person_no_helmet': 2, 'hoist': 0}, 2: {'person_with_helmet': 1, 'person_no_helmet': 2, 'hoist': 0}} safety={1: None, 2: None}
[StateManager] cams=3 moving=0 agg={1: {'person_with_helmet': 1, 'person_no_helmet': 0, 'hoist': 0}, 2: {'person_with_helmet': 1, 'person_no_helmet': 0, 'hoist': 0}} safety={1: None, 2: None}
[StateManager] cams=3 moving=0 agg={1: {'person_with_helmet': 1, 'person_no_helmet': 0, 'hoist': 0}, 2: {'person_with_helmet': 1, 'person_no_helmet': 0, 'hoist': 0}} safety={1: None, 2: None}
[StateManager] cams=3 moving=0 agg={1: {'person_with_helmet': 1, 'person_no_helmet': 0, 'hoist': 0}, 2: {'person_with_helmet': 1, 'person_no_helmet': 0, 'hoist': 0}} safety={1: None, 2: None}
[StateManager] cams=3 moving=0 agg={1: {'person_with_helmet': 1, 'person_no_helmet': 0, 'hoist': 0}, 2: {'person_with_helmet': 1, 'person_no_helmet': 0, 'hoist': 0}} safety={1: None, 2: None}
[StateManager] cams=3 moving=0 agg={1: {'person_with_helmet': 1, 'person_no_helmet': 0, 'hoist': 0}, 2: {'person_with_helmet': 1, 'person_no_helmet': 0, 'hoist': 0}} safety={1: None, 2: None}
[StateManager] cams=3 moving=0 agg={1: {'person_with_helmet': 1, 'person_no_helmet': 0, 'hoist': 0}, 2: {'person_with_helmet': 1, 'person_no_helmet': 0, 'hoist': 0}} safety={1: None, 2: None}
[StateManager] cams=3 moving=0 agg={1: {'person_with_helmet': 1, 'person_no_helmet': 1, 'hoist': 0}, 2: {'person_with_helmet': 1, 'person_no_helmet': 1, 'hoist': 0}} safety={1: None, 2: None}
[StateManager] cams=3 moving=0 agg={1: {'person_with_helmet': 1, 'person_no_helmet': 0, 'hoist': 0}, 2: {'person_with_helmet': 1, 'person_no_helmet': 0, 'hoist': 0}} safety={1: None, 2: None}
[StateManager] cams=3 moving=0 agg={1: {'person_with_helmet': 1, 'person_no_helmet': 0, 'hoist': 0}, 2: {'person_with_helmet': 1, 'person_no_helmet': 0, 'hoist': 0}} safety={1: None, 2: None}
[StateManager] cams=3 moving=0 agg={1: {'person_with_helmet': 1, 'person_no_helmet': 0, 'hoist': 0}, 2: {'person_with_helmet': 1, 'person_no_helmet': 0, 'hoist': 0}} safety={1: None, 2: None}
[StateManager] cams=3 moving=0 agg={1: {'person_with_helmet': 1, 'person_no_helmet': 1, 'hoist': 0}, 2: {'person_with_helmet': 1, 'person_no_helmet': 1, 'hoist': 0}} safety={1: None, 2: None}
[StateManager] cams=3 moving=0 agg={1: {'person_with_helmet': 1, 'person_no_helmet': 1, 'hoist': 0}, 2: {'person_with_helmet': 1, 'person_no_helmet': 1, 'hoist': 0}} safety={1: None, 2: None}
[StateManager] cams=3 moving=0 agg={1: {'person_with_helmet': 1, 'person_no_helmet': 0, 'hoist': 0}, 2: {'person_with_helmet': 1, 'person_no_helmet': 0, 'hoist': 0}} safety={1: None, 2: None}
[StateManager] cams=3 moving=0 agg={1: {'person_with_helmet': 1, 'person_no_helmet': 0, 'hoist': 0}, 2: {'person_with_helmet': 1, 'person_no_helmet': 0, 'hoist': 0}} safety={1: None, 2: None}
[StateManager] cams=3 moving=0 agg={1: {'person_with_helmet': 1, 'person_no_helmet': 1, 'hoist': 0}, 2: {'person_with_helmet': 1, 'person_no_helmet': 1, 'hoist': 0}} safety={1: None, 2: None}
[StateManager] cams=3 moving=0 agg={1: {'person_with_helmet': 1, 'person_no_helmet': 0, 'hoist': 0}, 2: {'person_with_helmet': 1, 'person_no_helmet': 0, 'hoist': 0}} safety={1: None, 2: None}
[StateManager] cams=3 moving=0 agg={1: {'person_with_helmet': 1, 'person_no_helmet': 0, 'hoist': 0}, 2: {'person_with_helmet': 1, 'person_no_helmet': 0, 'hoist': 0}} safety={1: None, 2: None}
[StateManager] cams=3 moving=0 agg={1: {'person_with_helmet': 1, 'person_no_helmet': 0, 'hoist': 0}, 2: {'person_with_helmet': 1, 'person_no_helmet': 0, 'hoist': 0}} safety={1: None, 2: None}
[StateManager] cams=3 moving=0 agg={1: {'person_with_helmet': 1, 'person_no_helmet': 0, 'hoist': 0}, 2: {'person_with_helmet': 1, 'person_no_helmet': 0, 'hoist': 0}} safety={1: None, 2: None}
[StateManager] cams=3 moving=0 agg={1: {'person_with_helmet': 1, 'person_no_helmet': 0, 'hoist': 0}, 2: {'person_with_helmet': 1, 'person_no_helmet': 0, 'hoist': 0}} safety={1: None, 2: None}
[StateManager] cams=3 moving=0 agg={1: {'person_with_helmet': 1, 'person_no_helmet': 0, 'hoist': 0}, 2: {'person_with_helmet': 1, 'person_no_helmet': 0, 'hoist': 0}} safety={1: None, 2: None}
[StateManager] cams=3 moving=0 agg={1: {'person_with_helmet': 1, 'person_no_helmet': 1, 'hoist': 0}, 2: {'person_with_helmet': 1, 'person_no_helmet': 1, 'hoist': 0}} safety={1: None, 2: None}
[StateManager] cams=3 moving=0 agg={1: {'person_with_helmet': 1, 'person_no_helmet': 1, 'hoist': 0}, 2: {'person_with_helmet': 1, 'person_no_helmet': 1, 'hoist': 0}} safety={1: None, 2: None}
[StateManager] cams=3 moving=0 agg={1: {'person_with_helmet': 1, 'person_no_helmet': 1, 'hoist': 0}, 2: {'person_with_helmet': 1, 'person_no_helmet': 1, 'hoist': 0}} safety={1: None, 2: None}
[StateManager] cams=3 moving=0 agg={1: {'person_with_helmet': 1, 'person_no_helmet': 2, 'hoist': 0}, 2: {'person_with_helmet': 1, 'person_no_helmet': 2, 'hoist': 0}} safety={1: None, 2: None}
[StateManager] cams=3 moving=0 agg={1: {'person_with_helmet': 1, 'person_no_helmet': 0, 'hoist': 0}, 2: {'person_with_helmet': 1, 'person_no_helmet': 0, 'hoist': 0}} safety={1: None, 2: None}
[StateManager] cams=3 moving=0 agg={1: {'person_with_helmet': 1, 'person_no_helmet': 0, 'hoist': 0}, 2: {'person_with_helmet': 1, 'person_no_helmet': 0, 'hoist': 0}} safety={1: None, 2: None}
[StateManager] cams=3 moving=0 agg={1: {'person_with_helmet': 1, 'person_no_helmet': 0, 'hoist': 0}, 2: {'person_with_helmet': 1, 'person_no_helmet': 0, 'hoist': 0}} safety={1: None, 2: None}
[StateManager] cams=3 moving=0 agg={1: {'person_with_helmet': 1, 'person_no_helmet': 1, 'hoist': 0}, 2: {'person_with_helmet': 1, 'person_no_helmet': 1, 'hoist': 0}} safety={1: None, 2: None}
[StateManager] cams=3 moving=1 agg={1: {'person_with_helmet': 1, 'person_no_helmet': 1, 'hoist': 0}, 2: {'person_with_helmet': 1, 'person_no_helmet': 1, 'hoist': 0}} safety={1: 'SAFE', 2: 'SAFE'}
[StateManager] cams=3 moving=1 agg={1: {'person_with_helmet': 2, 'person_no_helmet': 1, 'hoist': 0}, 2: {'person_with_helmet': 2, 'person_no_helmet': 1, 'hoist': 0}} safety={1: 'SAFE', 2: 'SAFE'}
[StateManager] cams=3 moving=1 agg={1: {'person_with_helmet': 2, 'person_no_helmet': 1, 'hoist': 0}, 2: {'person_with_helmet': 2, 'person_no_helmet': 1, 'hoist': 0}} safety={1: 'SAFE', 2: 'SAFE'}
[StateManager] cams=3 moving=1 agg={1: {'person_with_helmet': 2, 'person_no_helmet': 0, 'hoist': 0}, 2: {'person_with_helmet': 2, 'person_no_helmet': 0, 'hoist': 0}} safety={1: 'SAFE', 2: 'SAFE'}
[StateManager] cams=3 moving=1 agg={1: {'person_with_helmet': 2, 'person_no_helmet': 2, 'hoist': 0}, 2: {'person_with_helmet': 2, 'person_no_helmet': 2, 'hoist': 0}} safety={1: 'SAFE', 2: 'SAFE'}
[StateManager] cams=3 moving=1 agg={1: {'person_with_helmet': 3, 'person_no_helmet': 2, 'hoist': 0}, 2: {'person_with_helmet': 3, 'person_no_helmet': 2, 'hoist': 0}} safety={1: 'SAFE', 2: 'SAFE'}
[StateManager] cams=3 moving=1 agg={1: {'person_with_helmet': 2, 'person_no_helmet': 2, 'hoist': 0}, 2: {'person_with_helmet': 2, 'person_no_helmet': 2, 'hoist': 0}} safety={1: 'SAFE', 2: 'SAFE'}
[StateManager] cams=3 moving=0 agg={1: {'person_with_helmet': 2, 'person_no_helmet': 1, 'hoist': 0}, 2: {'person_with_helmet': 2, 'person_no_helmet': 1, 'hoist': 0}} safety={1: None, 2: None}
[StateManager] cams=3 moving=0 agg={1: {'person_with_helmet': 2, 'person_no_helmet': 0, 'hoist': 0}, 2: {'person_with_helmet': 2, 'person_no_helmet': 0, 'hoist': 0}} safety={1: None, 2: None}
[StateManager] cams=3 moving=1 agg={1: {'person_with_helmet': 2, 'person_no_helmet': 1, 'hoist': 0}, 2: {'person_with_helmet': 2, 'person_no_helmet': 1, 'hoist': 0}} safety={1: 'SAFE', 2: 'SAFE'}
[StateManager] cams=3 moving=1 agg={1: {'person_with_helmet': 2, 'person_no_helmet': 0, 'hoist': 0}, 2: {'person_with_helmet': 2, 'person_no_helmet': 0, 'hoist': 0}} safety={1: 'SAFE', 2: 'SAFE'}
[StateManager] cams=3 moving=1 agg={1: {'person_with_helmet': 1, 'person_no_helmet': 1, 'hoist': 0}, 2: {'person_with_helmet': 1, 'person_no_helmet': 1, 'hoist': 0}} safety={1: 'SAFE', 2: 'SAFE'}
[StateManager] cams=3 moving=0 agg={1: {'person_with_helmet': 2, 'person_no_helmet': 0, 'hoist': 0}, 2: {'person_with_helmet': 2, 'person_no_helmet': 0, 'hoist': 0}} safety={1: None, 2: None}
[StateManager] cams=3 moving=1 agg={1: {'person_with_helmet': 2, 'person_no_helmet': 1, 'hoist': 0}, 2: {'person_with_helmet': 2, 'person_no_helmet': 1, 'hoist': 0}} safety={1: 'SAFE', 2: 'SAFE'}
[StateManager] cams=3 moving=1 agg={1: {'person_with_helmet': 2, 'person_no_helmet': 1, 'hoist': 0}, 2: {'person_with_helmet': 2, 'person_no_helmet': 1, 'hoist': 0}} safety={1: 'SAFE', 2: 'SAFE'}
[StateManager] cams=3 moving=2 agg={1: {'person_with_helmet': 2, 'person_no_helmet': 1, 'hoist': 0}, 2: {'person_with_helmet': 2, 'person_no_helmet': 1, 'hoist': 0}} safety={1: 'SAFE', 2: 'SAFE'}
[StateManager] cams=3 moving=1 agg={1: {'person_with_helmet': 2, 'person_no_helmet': 1, 'hoist': 0}, 2: {'person_with_helmet': 2, 'person_no_helmet': 1, 'hoist': 0}} safety={1: 'SAFE', 2: 'SAFE'}
[StateManager] cams=3 moving=1 agg={1: {'person_with_helmet': 2, 'person_no_helmet': 1, 'hoist': 0}, 2: {'person_with_helmet': 2, 'person_no_helmet': 1, 'hoist': 0}} safety={1: 'SAFE', 2: 'SAFE'}
[StateManager] cams=3 moving=2 agg={1: {'person_with_helmet': 2, 'person_no_helmet': 1, 'hoist': 0}, 2: {'person_with_helmet': 2, 'person_no_helmet': 1, 'hoist': 0}} safety={1: 'SAFE', 2: 'SAFE'}
[StateManager] cams=3 moving=2 agg={1: {'person_with_helmet': 2, 'person_no_helmet': 1, 'hoist': 0}, 2: {'person_with_helmet': 2, 'person_no_helmet': 1, 'hoist': 0}} safety={1: 'SAFE', 2: 'SAFE'}
[StateManager] cams=3 moving=2 agg={1: {'person_with_helmet': 2, 'person_no_helmet': 1, 'hoist': 0}, 2: {'person_with_helmet': 2, 'person_no_helmet': 1, 'hoist': 0}} safety={1: 'SAFE', 2: 'SAFE'}
[StateManager] cams=3 moving=2 agg={1: {'person_with_helmet': 2, 'person_no_helmet': 1, 'hoist': 0}, 2: {'person_with_helmet': 2, 'person_no_helmet': 1, 'hoist': 0}} safety={1: 'SAFE', 2: 'SAFE'}
[StateManager] cams=3 moving=2 agg={1: {'person_with_helmet': 2, 'person_no_helmet': 0, 'hoist': 0}, 2: {'person_with_helmet': 2, 'person_no_helmet': 0, 'hoist': 0}} safety={1: 'SAFE', 2: 'SAFE'}
[StateManager] cams=3 moving=1 agg={1: {'person_with_helmet': 2, 'person_no_helmet': 0, 'hoist': 0}, 2: {'person_with_helmet': 2, 'person_no_helmet': 0, 'hoist': 0}} safety={1: 'SAFE', 2: 'SAFE'}
[StateManager] cams=3 moving=1 agg={1: {'person_with_helmet': 2, 'person_no_helmet': 0, 'hoist': 0}, 2: {'person_with_helmet': 2, 'person_no_helmet': 0, 'hoist': 0}} safety={1: 'SAFE', 2: 'SAFE'}
[StateManager] cams=3 moving=0 agg={1: {'person_with_helmet': 2, 'person_no_helmet': 1, 'hoist': 0}, 2: {'person_with_helmet': 2, 'person_no_helmet': 1, 'hoist': 0}} safety={1: None, 2: None}
[StateManager] cams=3 moving=0 agg={1: {'person_with_helmet': 2, 'person_no_helmet': 0, 'hoist': 0}, 2: {'person_with_helmet': 2, 'person_no_helmet': 0, 'hoist': 0}} safety={1: None, 2: None}
[StateManager] cams=3 moving=1 agg={1: {'person_with_helmet': 2, 'person_no_helmet': 1, 'hoist': 0}, 2: {'person_with_helmet': 2, 'person_no_helmet': 1, 'hoist': 0}} safety={1: 'SAFE', 2: 'SAFE'}
[StateManager] cams=3 moving=1 agg={1: {'person_with_helmet': 2, 'person_no_helmet': 1, 'hoist': 1}, 2: {'person_with_helmet': 2, 'person_no_helmet': 1, 'hoist': 0}} safety={1: 'SAFE', 2: 'SAFE'}
[StateManager] cams=3 moving=1 agg={1: {'person_with_helmet': 2, 'person_no_helmet': 0, 'hoist': 1}, 2: {'person_with_helmet': 2, 'person_no_helmet': 0, 'hoist': 0}} safety={1: 'SAFE', 2: 'SAFE'}
[StateManager] cams=3 moving=2 agg={1: {'person_with_helmet': 2, 'person_no_helmet': 0, 'hoist': 1}, 2: {'person_with_helmet': 2, 'person_no_helmet': 0, 'hoist': 0}} safety={1: 'SAFE', 2: 'SAFE'}
[StateManager] cams=3 moving=2 agg={1: {'person_with_helmet': 2, 'person_no_helmet': 1, 'hoist': 1}, 2: {'person_with_helmet': 2, 'person_no_helmet': 1, 'hoist': 0}} safety={1: 'SAFE', 2: 'SAFE'}
[StateManager] cams=3 moving=2 agg={1: {'person_with_helmet': 2, 'person_no_helmet': 0, 'hoist': 1}, 2: {'person_with_helmet': 2, 'person_no_helmet': 0, 'hoist': 0}} safety={1: 'SAFE', 2: 'SAFE'}
[StateManager] cams=3 moving=1 agg={1: {'person_with_helmet': 2, 'person_no_helmet': 1, 'hoist': 1}, 2: {'person_with_helmet': 2, 'person_no_helmet': 1, 'hoist': 0}} safety={1: 'SAFE', 2: 'SAFE'}
[StateManager] cams=3 moving=2 agg={1: {'person_with_helmet': 2, 'person_no_helmet': 0, 'hoist': 1}, 2: {'person_with_helmet': 2, 'person_no_helmet': 0, 'hoist': 0}} safety={1: 'SAFE', 2: 'SAFE'}
[StateManager] cams=3 moving=2 agg={1: {'person_with_helmet': 2, 'person_no_helmet': 0, 'hoist': 1}, 2: {'person_with_helmet': 2, 'person_no_helmet': 0, 'hoist': 0}} safety={1: 'SAFE', 2: 'SAFE'}
[StateManager] cams=3 moving=1 agg={1: {'person_with_helmet': 2, 'person_no_helmet': 0, 'hoist': 1}, 2: {'person_with_helmet': 2, 'person_no_helmet': 0, 'hoist': 0}} safety={1: 'SAFE', 2: 'SAFE'}
[StateManager] cams=3 moving=1 agg={1: {'person_with_helmet': 2, 'person_no_helmet': 1, 'hoist': 1}, 2: {'person_with_helmet': 2, 'person_no_helmet': 1, 'hoist': 0}} safety={1: 'SAFE', 2: 'SAFE'}
[StateManager] cams=3 moving=2 agg={1: {'person_with_helmet': 2, 'person_no_helmet': 0, 'hoist': 1}, 2: {'person_with_helmet': 2, 'person_no_helmet': 0, 'hoist': 0}} safety={1: 'SAFE', 2: 'SAFE'}
[StateManager] cams=3 moving=2 agg={1: {'person_with_helmet': 2, 'person_no_helmet': 0, 'hoist': 1}, 2: {'person_with_helmet': 2, 'person_no_helmet': 0, 'hoist': 0}} safety={1: 'SAFE', 2: 'SAFE'}
[StateManager] cams=3 moving=2 agg={1: {'person_with_helmet': 2, 'person_no_helmet': 0, 'hoist': 1}, 2: {'person_with_helmet': 2, 'person_no_helmet': 0, 'hoist': 0}} safety={1: 'SAFE', 2: 'SAFE'}
[StateManager] cams=3 moving=2 agg={1: {'person_with_helmet': 2, 'person_no_helmet': 0, 'hoist': 1}, 2: {'person_with_helmet': 2, 'person_no_helmet': 0, 'hoist': 0}} safety={1: 'SAFE', 2: 'SAFE'}
[StateManager] cams=3 moving=2 agg={1: {'person_with_helmet': 2, 'person_no_helmet': 2, 'hoist': 1}, 2: {'person_with_helmet': 2, 'person_no_helmet': 2, 'hoist': 0}} safety={1: 'SAFE', 2: 'SAFE'}
[StateManager] cams=3 moving=2 agg={1: {'person_with_helmet': 2, 'person_no_helmet': 0, 'hoist': 1}, 2: {'person_with_helmet': 2, 'person_no_helmet': 0, 'hoist': 0}} safety={1: 'SAFE', 2: 'SAFE'}
[StateManager] cams=3 moving=2 agg={1: {'person_with_helmet': 2, 'person_no_helmet': 0, 'hoist': 1}, 2: {'person_with_helmet': 2, 'person_no_helmet': 0, 'hoist': 0}} safety={1: 'SAFE', 2: 'SAFE'}
[StateManager] cams=3 moving=2 agg={1: {'person_with_helmet': 1, 'person_no_helmet': 1, 'hoist': 0}, 2: {'person_with_helmet': 1, 'person_no_helmet': 1, 'hoist': 0}} safety={1: 'DANGER', 2: 'DANGER'}
[StateManager] ALARM ON (위험 상태 감지)
[StateManager EVENT] Z1 DANGER (helmet:1 total:2)
[StateManager EVENT] meta={"frame_ids": {"CAM0010": 1326, "CAM0009": 1593, "CAM0008": 1593}, "moving_data": {"CAM0010": true, "CAM0009": true, "CAM0008": false}, "zone_data": {"CAM0010": {"1": {"person_with_helmet": 0, "person_no_helmet": 1, "hoist": 0}}, "CAM0009": {"1": {"person_with_helmet": 1, "person_no_helmet": 0, "hoist": 0}, "2": {"person_with_helmet": 0, "person_no_helmet": 0, "hoist": 0}}, "CAM0008": {"1": {"person_with_helmet": 0, "person_no_helmet": 0, "hoist": 0}}}, "agg_counts": {"1": {"person_with_helmet": 1, "person_no_helmet": 1, "hoist": 0}, "2": {"person_with_helmet": 1, "person_no_helmet": 1, "hoist": 0}}, "safety_status": {"1": "DANGER", "2": "DANGER"}}
[StateManager] cams=3 moving=2 agg={1: {'person_with_helmet': 1, 'person_no_helmet': 0, 'hoist': 0}, 2: {'person_with_helmet': 1, 'person_no_helmet': 0, 'hoist': 0}} safety={1: 'DANGER', 2: 'DANGER'}
[StateManager] cams=3 moving=2 agg={1: {'person_with_helmet': 1, 'person_no_helmet': 0, 'hoist': 0}, 2: {'person_with_helmet': 1, 'person_no_helmet': 0, 'hoist': 0}} safety={1: 'DANGER', 2: 'DANGER'}
[StateManager] cams=3 moving=2 agg={1: {'person_with_helmet': 1, 'person_no_helmet': 0, 'hoist': 0}, 2: {'person_with_helmet': 1, 'person_no_helmet': 0, 'hoist': 0}} safety={1: 'DANGER', 2: 'DANGER'}
[StateManager] cams=3 moving=2 agg={1: {'person_with_helmet': 1, 'person_no_helmet': 0, 'hoist': 0}, 2: {'person_with_helmet': 1, 'person_no_helmet': 0, 'hoist': 0}} safety={1: 'DANGER', 2: 'DANGER'}
[StateManager] cams=3 moving=2 agg={1: {'person_with_helmet': 1, 'person_no_helmet': 0, 'hoist': 0}, 2: {'person_with_helmet': 1, 'person_no_helmet': 0, 'hoist': 0}} safety={1: 'DANGER', 2: 'DANGER'}
[StateManager] cams=3 moving=2 agg={1: {'person_with_helmet': 1, 'person_no_helmet': 0, 'hoist': 0}, 2: {'person_with_helmet': 1, 'person_no_helmet': 0, 'hoist': 0}} safety={1: 'DANGER', 2: 'DANGER'}
[StateManager] cams=3 moving=2 agg={1: {'person_with_helmet': 1, 'person_no_helmet': 0, 'hoist': 0}, 2: {'person_with_helmet': 1, 'person_no_helmet': 0, 'hoist': 0}} safety={1: 'DANGER', 2: 'DANGER'}
[StateManager] cams=3 moving=2 agg={1: {'person_with_helmet': 1, 'person_no_helmet': 1, 'hoist': 0}, 2: {'person_with_helmet': 1, 'person_no_helmet': 1, 'hoist': 0}} safety={1: 'DANGER', 2: 'DANGER'}
[StateManager] ALARM OFF (안전 상태 복귀)
[StateManager] cams=3 moving=0 agg={1: {'person_with_helmet': 1, 'person_no_helmet': 0, 'hoist': 0}, 2: {'person_with_helmet': 1, 'person_no_helmet': 0, 'hoist': 0}} safety={1: None, 2: None}
[StateManager] cams=3 moving=0 agg={1: {'person_with_helmet': 1, 'person_no_helmet': 0, 'hoist': 0}, 2: {'person_with_helmet': 1, 'person_no_helmet': 0, 'hoist': 0}} safety={1: None, 2: None}
[StateManager] cams=3 moving=0 agg={1: {'person_with_helmet': 1, 'person_no_helmet': 0, 'hoist': 0}, 2: {'person_with_helmet': 1, 'person_no_helmet': 0, 'hoist': 0}} safety={1: None, 2: None}
[StateManager] cams=3 moving=0 agg={1: {'person_with_helmet': 1, 'person_no_helmet': 0, 'hoist': 1}, 2: {'person_with_helmet': 1, 'person_no_helmet': 0, 'hoist': 0}} safety={1: None, 2: None}
[StateManager] cams=3 moving=0 agg={1: {'person_with_helmet': 1, 'person_no_helmet': 0, 'hoist': 0}, 2: {'person_with_helmet': 1, 'person_no_helmet': 0, 'hoist': 0}} safety={1: None, 2: None}
[StateManager] cams=3 moving=0 agg={1: {'person_with_helmet': 1, 'person_no_helmet': 0, 'hoist': 0}, 2: {'person_with_helmet': 1, 'person_no_helmet': 0, 'hoist': 0}} safety={1: None, 2: None}
[StateManager] cams=3 moving=1 agg={1: {'person_with_helmet': 0, 'person_no_helmet': 0, 'hoist': 0}, 2: {'person_with_helmet': 0, 'person_no_helmet': 0, 'hoist': 0}} safety={1: None, 2: None}
[StateManager] cams=3 moving=1 agg={1: {'person_with_helmet': 0, 'person_no_helmet': 0, 'hoist': 0}, 2: {'person_with_helmet': 0, 'person_no_helmet': 0, 'hoist': 0}} safety={1: None, 2: None}
[StateManager] cams=3 moving=0 agg={1: {'person_with_helmet': 1, 'person_no_helmet': 0, 'hoist': 0}, 2: {'person_with_helmet': 1, 'person_no_helmet': 0, 'hoist': 0}} safety={1: None, 2: None}
[StateManager] cams=3 moving=0 agg={1: {'person_with_helmet': 1, 'person_no_helmet': 0, 'hoist': 0}, 2: {'person_with_helmet': 1, 'person_no_helmet': 0, 'hoist': 0}} safety={1: None, 2: None}
[StateManager] cams=3 moving=0 agg={1: {'person_with_helmet': 1, 'person_no_helmet': 0, 'hoist': 0}, 2: {'person_with_helmet': 1, 'person_no_helmet': 0, 'hoist': 0}} safety={1: None, 2: None}
[StateManager] cams=3 moving=0 agg={1: {'person_with_helmet': 1, 'person_no_helmet': 0, 'hoist': 0}, 2: {'person_with_helmet': 1, 'person_no_helmet': 0, 'hoist': 0}} safety={1: None, 2: None}
[StateManager] cams=3 moving=0 agg={1: {'person_with_helmet': 1, 'person_no_helmet': 0, 'hoist': 0}, 2: {'person_with_helmet': 1, 'person_no_helmet': 0, 'hoist': 0}} safety={1: None, 2: None}
[StateManager] cams=3 moving=0 agg={1: {'person_with_helmet': 1, 'person_no_helmet': 1, 'hoist': 0}, 2: {'person_with_helmet': 1, 'person_no_helmet': 1, 'hoist': 0}} safety={1: None, 2: None}
[StateManager] cams=3 moving=0 agg={1: {'person_with_helmet': 1, 'person_no_helmet': 0, 'hoist': 0}, 2: {'person_with_helmet': 1, 'person_no_helmet': 0, 'hoist': 0}} safety={1: None, 2: None}
[StateManager] cams=3 moving=0 agg={1: {'person_with_helmet': 1, 'person_no_helmet': 0, 'hoist': 0}, 2: {'person_with_helmet': 1, 'person_no_helmet': 0, 'hoist': 0}} safety={1: None, 2: None}
[StateManager] cams=3 moving=0 agg={1: {'person_with_helmet': 1, 'person_no_helmet': 0, 'hoist': 0}, 2: {'person_with_helmet': 1, 'person_no_helmet': 0, 'hoist': 0}} safety={1: None, 2: None}
[StateManager] cams=3 moving=0 agg={1: {'person_with_helmet': 1, 'person_no_helmet': 0, 'hoist': 0}, 2: {'person_with_helmet': 1, 'person_no_helmet': 0, 'hoist': 0}} safety={1: None, 2: None}
[StateManager] cams=3 moving=0 agg={1: {'person_with_helmet': 1, 'person_no_helmet': 0, 'hoist': 0}, 2: {'person_with_helmet': 1, 'person_no_helmet': 0, 'hoist': 0}} safety={1: None, 2: None}
[StateManager] cams=3 moving=0 agg={1: {'person_with_helmet': 1, 'person_no_helmet': 0, 'hoist': 0}, 2: {'person_with_helmet': 1, 'person_no_helmet': 0, 'hoist': 0}} safety={1: None, 2: None}
[StateManager] cams=3 moving=0 agg={1: {'person_with_helmet': 1, 'person_no_helmet': 0, 'hoist': 0}, 2: {'person_with_helmet': 1, 'person_no_helmet': 0, 'hoist': 0}} safety={1: None, 2: None}
[StateManager] cams=3 moving=0 agg={1: {'person_with_helmet': 1, 'person_no_helmet': 1, 'hoist': 0}, 2: {'person_with_helmet': 1, 'person_no_helmet': 1, 'hoist': 0}} safety={1: None, 2: None}
[StateManager] cams=3 moving=0 agg={1: {'person_with_helmet': 1, 'person_no_helmet': 1, 'hoist': 0}, 2: {'person_with_helmet': 1, 'person_no_helmet': 1, 'hoist': 0}} safety={1: None, 2: None}
[StateManager] cams=3 moving=0 agg={1: {'person_with_helmet': 1, 'person_no_helmet': 1, 'hoist': 0}, 2: {'person_with_helmet': 1, 'person_no_helmet': 1, 'hoist': 0}} safety={1: None, 2: None}
[StateManager] cams=3 moving=0 agg={1: {'person_with_helmet': 1, 'person_no_helmet': 0, 'hoist': 0}, 2: {'person_with_helmet': 1, 'person_no_helmet': 0, 'hoist': 0}} safety={1: None, 2: None}
[StateManager] cams=3 moving=0 agg={1: {'person_with_helmet': 1, 'person_no_helmet': 1, 'hoist': 0}, 2: {'person_with_helmet': 1, 'person_no_helmet': 1, 'hoist': 0}} safety={1: None, 2: None}
[StateManager] cams=3 moving=0 agg={1: {'person_with_helmet': 1, 'person_no_helmet': 1, 'hoist': 0}, 2: {'person_with_helmet': 1, 'person_no_helmet': 1, 'hoist': 0}} safety={1: None, 2: None}
[StateManager] cams=3 moving=1 agg={1: {'person_with_helmet': 2, 'person_no_helmet': 0, 'hoist': 0}, 2: {'person_with_helmet': 2, 'person_no_helmet': 0, 'hoist': 0}} safety={1: 'SAFE', 2: 'SAFE'}
[StateManager] cams=3 moving=1 agg={1: {'person_with_helmet': 2, 'person_no_helmet': 2, 'hoist': 0}, 2: {'person_with_helmet': 2, 'person_no_helmet': 2, 'hoist': 0}} safety={1: 'SAFE', 2: 'SAFE'}
[StateManager] cams=3 moving=2 agg={1: {'person_with_helmet': 2, 'person_no_helmet': 0, 'hoist': 0}, 2: {'person_with_helmet': 2, 'person_no_helmet': 0, 'hoist': 0}} safety={1: 'SAFE', 2: 'SAFE'}
[StateManager] cams=3 moving=2 agg={1: {'person_with_helmet': 2, 'person_no_helmet': 1, 'hoist': 0}, 2: {'person_with_helmet': 2, 'person_no_helmet': 1, 'hoist': 0}} safety={1: 'SAFE', 2: 'SAFE'}
[StateManager] cams=3 moving=2 agg={1: {'person_with_helmet': 2, 'person_no_helmet': 2, 'hoist': 0}, 2: {'person_with_helmet': 2, 'person_no_helmet': 2, 'hoist': 0}} safety={1: 'SAFE', 2: 'SAFE'}
[StateManager] cams=3 moving=2 agg={1: {'person_with_helmet': 2, 'person_no_helmet': 1, 'hoist': 0}, 2: {'person_with_helmet': 2, 'person_no_helmet': 1, 'hoist': 0}} safety={1: 'SAFE', 2: 'SAFE'}
[StateManager] cams=3 moving=2 agg={1: {'person_with_helmet': 2, 'person_no_helmet': 1, 'hoist': 0}, 2: {'person_with_helmet': 2, 'person_no_helmet': 1, 'hoist': 0}} safety={1: 'SAFE', 2: 'SAFE'}
[StateManager] cams=3 moving=2 agg={1: {'person_with_helmet': 2, 'person_no_helmet': 1, 'hoist': 0}, 2: {'person_with_helmet': 2, 'person_no_helmet': 1, 'hoist': 0}} safety={1: 'SAFE', 2: 'SAFE'}
[StateManager] cams=3 moving=2 agg={1: {'person_with_helmet': 1, 'person_no_helmet': 1, 'hoist': 1}, 2: {'person_with_helmet': 1, 'person_no_helmet': 1, 'hoist': 0}} safety={1: 'SAFE', 2: 'SAFE'}
[StateManager] ALARM ON (위험 상태 감지)
[StateManager EVENT] Z1 DANGER (helmet:1 total:1)
[StateManager EVENT] meta={"frame_ids": {"CAM0010": 1886, "CAM0009": 2153, "CAM0008": 2153}, "moving_data": {"CAM0010": true, "CAM0009": true, "CAM0008": false}, "zone_data": {"CAM0010": {"1": {"person_with_helmet": 1, "person_no_helmet": 0, "hoist": 0}}, "CAM0009": {"1": {"person_with_helmet": 0, "person_no_helmet": 0, "hoist": 1}, "2": {"person_with_helmet": 0, "person_no_helmet": 0, "hoist": 0}}, "CAM0008": {"1": {"person_with_helmet": 0, "person_no_helmet": 0, "hoist": 0}}}, "agg_counts": {"1": {"person_with_helmet": 1, "person_no_helmet": 0, "hoist": 1}, "2": {"person_with_helmet": 1, "person_no_helmet": 0, "hoist": 0}}, "safety_status": {"1": "DANGER", "2": "DANGER"}}
[StateManager] cams=3 moving=2 agg={1: {'person_with_helmet': 1, 'person_no_helmet': 0, 'hoist': 1}, 2: {'person_with_helmet': 1, 'person_no_helmet': 0, 'hoist': 0}} safety={1: 'DANGER', 2: 'DANGER'}
[StateManager] cams=3 moving=2 agg={1: {'person_with_helmet': 1, 'person_no_helmet': 0, 'hoist': 1}, 2: {'person_with_helmet': 1, 'person_no_helmet': 0, 'hoist': 0}} safety={1: 'DANGER', 2: 'DANGER'}
[StateManager] cams=3 moving=2 agg={1: {'person_with_helmet': 1, 'person_no_helmet': 0, 'hoist': 1}, 2: {'person_with_helmet': 1, 'person_no_helmet': 0, 'hoist': 0}} safety={1: 'DANGER', 2: 'DANGER'}
[StateManager] cams=3 moving=2 agg={1: {'person_with_helmet': 0, 'person_no_helmet': 2, 'hoist': 1}, 2: {'person_with_helmet': 0, 'person_no_helmet': 2, 'hoist': 0}} safety={1: 'DANGER', 2: 'DANGER'}
[StateManager] cams=3 moving=1 agg={1: {'person_with_helmet': 1, 'person_no_helmet': 2, 'hoist': 1}, 2: {'person_with_helmet': 1, 'person_no_helmet': 2, 'hoist': 0}} safety={1: 'DANGER', 2: 'DANGER'}
[StateManager] cams=3 moving=2 agg={1: {'person_with_helmet': 1, 'person_no_helmet': 1, 'hoist': 1}, 2: {'person_with_helmet': 1, 'person_no_helmet': 1, 'hoist': 0}} safety={1: 'DANGER', 2: 'DANGER'}
[StateManager] cams=3 moving=2 agg={1: {'person_with_helmet': 1, 'person_no_helmet': 2, 'hoist': 1}, 2: {'person_with_helmet': 1, 'person_no_helmet': 2, 'hoist': 0}} safety={1: 'DANGER', 2: 'DANGER'}
[StateManager] cams=3 moving=2 agg={1: {'person_with_helmet': 1, 'person_no_helmet': 2, 'hoist': 1}, 2: {'person_with_helmet': 1, 'person_no_helmet': 2, 'hoist': 0}} safety={1: 'DANGER', 2: 'DANGER'}
[StateManager] ALARM OFF (안전 상태 복귀)
[StateManager] cams=3 moving=2 agg={1: {'person_with_helmet': 2, 'person_no_helmet': 0, 'hoist': 1}, 2: {'person_with_helmet': 2, 'person_no_helmet': 0, 'hoist': 0}} safety={1: 'SAFE', 2: 'SAFE'}
[StateManager] cams=3 moving=2 agg={1: {'person_with_helmet': 1, 'person_no_helmet': 2, 'hoist': 1}, 2: {'person_with_helmet': 1, 'person_no_helmet': 2, 'hoist': 0}} safety={1: 'SAFE', 2: 'SAFE'}
[StateManager] cams=3 moving=2 agg={1: {'person_with_helmet': 2, 'person_no_helmet': 1, 'hoist': 1}, 2: {'person_with_helmet': 2, 'person_no_helmet': 1, 'hoist': 0}} safety={1: 'SAFE', 2: 'SAFE'}
[StateManager] cams=3 moving=1 agg={1: {'person_with_helmet': 1, 'person_no_helmet': 1, 'hoist': 1}, 2: {'person_with_helmet': 1, 'person_no_helmet': 1, 'hoist': 0}} safety={1: 'DANGER', 2: 'DANGER'}
[StateManager] cams=3 moving=1 agg={1: {'person_with_helmet': 1, 'person_no_helmet': 0, 'hoist': 1}, 2: {'person_with_helmet': 1, 'person_no_helmet': 0, 'hoist': 0}} safety={1: 'DANGER', 2: 'DANGER'}
[StateManager] cams=3 moving=1 agg={1: {'person_with_helmet': 0, 'person_no_helmet': 0, 'hoist': 1}, 2: {'person_with_helmet': 0, 'person_no_helmet': 0, 'hoist': 0}} safety={1: None, 2: None}
[StateManager] cams=3 moving=1 agg={1: {'person_with_helmet': 1, 'person_no_helmet': 2, 'hoist': 1}, 2: {'person_with_helmet': 1, 'person_no_helmet': 2, 'hoist': 0}} safety={1: 'SAFE', 2: 'SAFE'}
[StateManager] cams=3 moving=0 agg={1: {'person_with_helmet': 0, 'person_no_helmet': 2, 'hoist': 1}, 2: {'person_with_helmet': 0, 'person_no_helmet': 2, 'hoist': 0}} safety={1: None, 2: None}
[StateManager] cams=3 moving=0 agg={1: {'person_with_helmet': 0, 'person_no_helmet': 1, 'hoist': 1}, 2: {'person_with_helmet': 0, 'person_no_helmet': 1, 'hoist': 0}} safety={1: None, 2: None}
[StateManager] cams=3 moving=0 agg={1: {'person_with_helmet': 0, 'person_no_helmet': 1, 'hoist': 1}, 2: {'person_with_helmet': 0, 'person_no_helmet': 1, 'hoist': 0}} safety={1: None, 2: None}
[StateManager] cams=3 moving=0 agg={1: {'person_with_helmet': 0, 'person_no_helmet': 1, 'hoist': 1}, 2: {'person_with_helmet': 0, 'person_no_helmet': 1, 'hoist': 0}} safety={1: None, 2: None}
[StateManager] cams=3 moving=0 agg={1: {'person_with_helmet': 0, 'person_no_helmet': 0, 'hoist': 1}, 2: {'person_with_helmet': 0, 'person_no_helmet': 0, 'hoist': 0}} safety={1: None, 2: None}
[StateManager] cams=3 moving=0 agg={1: {'person_with_helmet': 0, 'person_no_helmet': 0, 'hoist': 1}, 2: {'person_with_helmet': 0, 'person_no_helmet': 0, 'hoist': 0}} safety={1: None, 2: None}
[StateManager] cams=3 moving=0 agg={1: {'person_with_helmet': 0, 'person_no_helmet': 1, 'hoist': 1}, 2: {'person_with_helmet': 0, 'person_no_helmet': 1, 'hoist': 0}} safety={1: None, 2: None}
[StateManager] cams=3 moving=0 agg={1: {'person_with_helmet': 0, 'person_no_helmet': 1, 'hoist': 1}, 2: {'person_with_helmet': 0, 'person_no_helmet': 1, 'hoist': 0}} safety={1: None, 2: None}
[StateManager] cams=3 moving=0 agg={1: {'person_with_helmet': 0, 'person_no_helmet': 0, 'hoist': 1}, 2: {'person_with_helmet': 0, 'person_no_helmet': 0, 'hoist': 0}} safety={1: None, 2: None}
[StateManager] cams=3 moving=0 agg={1: {'person_with_helmet': 0, 'person_no_helmet': 1, 'hoist': 1}, 2: {'person_with_helmet': 0, 'person_no_helmet': 1, 'hoist': 0}} safety={1: None, 2: None}
[StateManager] cams=3 moving=0 agg={1: {'person_with_helmet': 0, 'person_no_helmet': 0, 'hoist': 1}, 2: {'person_with_helmet': 0, 'person_no_helmet': 0, 'hoist': 0}} safety={1: None, 2: None}
[StateManager] cams=3 moving=0 agg={1: {'person_with_helmet': 0, 'person_no_helmet': 0, 'hoist': 1}, 2: {'person_with_helmet': 0, 'person_no_helmet': 0, 'hoist': 0}} safety={1: None, 2: None}
[StateManager] cams=3 moving=0 agg={1: {'person_with_helmet': 0, 'person_no_helmet': 0, 'hoist': 1}, 2: {'person_with_helmet': 0, 'person_no_helmet': 0, 'hoist': 0}} safety={1: None, 2: None}
[StateManager] cams=3 moving=0 agg={1: {'person_with_helmet': 0, 'person_no_helmet': 0, 'hoist': 1}, 2: {'person_with_helmet': 0, 'person_no_helmet': 0, 'hoist': 0}} safety={1: None, 2: None}
[StateManager] cams=3 moving=0 agg={1: {'person_with_helmet': 0, 'person_no_helmet': 0, 'hoist': 1}, 2: {'person_with_helmet': 0, 'person_no_helmet': 0, 'hoist': 0}} safety={1: None, 2: None}
[StateManager] cams=3 moving=0 agg={1: {'person_with_helmet': 0, 'person_no_helmet': 0, 'hoist': 1}, 2: {'person_with_helmet': 0, 'person_no_helmet': 0, 'hoist': 0}} safety={1: None, 2: None}
[StateManager] cams=3 moving=0 agg={1: {'person_with_helmet': 0, 'person_no_helmet': 0, 'hoist': 1}, 2: {'person_with_helmet': 0, 'person_no_helmet': 0, 'hoist': 0}} safety={1: None, 2: None}
[StateManager] cams=3 moving=0 agg={1: {'person_with_helmet': 0, 'person_no_helmet': 0, 'hoist': 1}, 2: {'person_with_helmet': 0, 'person_no_helmet': 0, 'hoist': 0}} safety={1: None, 2: None}
[StateManager] cams=3 moving=0 agg={1: {'person_with_helmet': 0, 'person_no_helmet': 0, 'hoist': 1}, 2: {'person_with_helmet': 0, 'person_no_helmet': 0, 'hoist': 0}} safety={1: None, 2: None}
[StateManager] cams=3 moving=0 agg={1: {'person_with_helmet': 0, 'person_no_helmet': 0, 'hoist': 1}, 2: {'person_with_helmet': 0, 'person_no_helmet': 0, 'hoist': 0}} safety={1: None, 2: None}
[StateManager] cams=3 moving=0 agg={1: {'person_with_helmet': 0, 'person_no_helmet': 0, 'hoist': 1}, 2: {'person_with_helmet': 0, 'person_no_helmet': 0, 'hoist': 0}} safety={1: None, 2: None}
[StateManager] cams=3 moving=0 agg={1: {'person_with_helmet': 0, 'person_no_helmet': 0, 'hoist': 1}, 2: {'person_with_helmet': 0, 'person_no_helmet': 0, 'hoist': 0}} safety={1: None, 2: None}
[StateManager] cams=3 moving=0 agg={1: {'person_with_helmet': 0, 'person_no_helmet': 0, 'hoist': 1}, 2: {'person_with_helmet': 0, 'person_no_helmet': 0, 'hoist': 0}} safety={1: None, 2: None}
[StateManager] cams=3 moving=0 agg={1: {'person_with_helmet': 0, 'person_no_helmet': 0, 'hoist': 1}, 2: {'person_with_helmet': 0, 'person_no_helmet': 0, 'hoist': 0}} safety={1: None, 2: None}
[StateManager] cams=3 moving=0 agg={1: {'person_with_helmet': 0, 'person_no_helmet': 0, 'hoist': 1}, 2: {'person_with_helmet': 0, 'person_no_helmet': 0, 'hoist': 0}} safety={1: None, 2: None}
[StateManager] cams=3 moving=0 agg={1: {'person_with_helmet': 0, 'person_no_helmet': 0, 'hoist': 1}, 2: {'person_with_helmet': 0, 'person_no_helmet': 0, 'hoist': 0}} safety={1: None, 2: None}
[StateManager] cams=3 moving=0 agg={1: {'person_with_helmet': 0, 'person_no_helmet': 0, 'hoist': 1}, 2: {'person_with_helmet': 0, 'person_no_helmet': 0, 'hoist': 0}} safety={1: None, 2: None}
[StateManager] cams=3 moving=0 agg={1: {'person_with_helmet': 0, 'person_no_helmet': 0, 'hoist': 1}, 2: {'person_with_helmet': 0, 'person_no_helmet': 0, 'hoist': 0}} safety={1: None, 2: None}
[StateManager] cams=3 moving=0 agg={1: {'person_with_helmet': 0, 'person_no_helmet': 0, 'hoist': 1}, 2: {'person_with_helmet': 0, 'person_no_helmet': 0, 'hoist': 0}} safety={1: None, 2: None}
[StateManager] cams=3 moving=0 agg={1: {'person_with_helmet': 0, 'person_no_helmet': 0, 'hoist': 1}, 2: {'person_with_helmet': 0, 'person_no_helmet': 0, 'hoist': 0}} safety={1: None, 2: None}
[StateManager] cams=3 moving=0 agg={1: {'person_with_helmet': 0, 'person_no_helmet': 1, 'hoist': 1}, 2: {'person_with_helmet': 0, 'person_no_helmet': 1, 'hoist': 0}} safety={1: None, 2: None}
[StateManager] cams=3 moving=0 agg={1: {'person_with_helmet': 0, 'person_no_helmet': 1, 'hoist': 1}, 2: {'person_with_helmet': 0, 'person_no_helmet': 1, 'hoist': 0}} safety={1: None, 2: None}
[StateManager] cams=3 moving=0 agg={1: {'person_with_helmet': 0, 'person_no_helmet': 1, 'hoist': 1}, 2: {'person_with_helmet': 0, 'person_no_helmet': 1, 'hoist': 0}} safety={1: None, 2: None}
[StateManager] cams=3 moving=0 agg={1: {'person_with_helmet': 0, 'person_no_helmet': 0, 'hoist': 1}, 2: {'person_with_helmet': 0, 'person_no_helmet': 0, 'hoist': 0}} safety={1: None, 2: None}
[StateManager] cams=3 moving=0 agg={1: {'person_with_helmet': 0, 'person_no_helmet': 1, 'hoist': 1}, 2: {'person_with_helmet': 0, 'person_no_helmet': 1, 'hoist': 0}} safety={1: None, 2: None}
[StateManager] cams=3 moving=0 agg={1: {'person_with_helmet': 0, 'person_no_helmet': 1, 'hoist': 1}, 2: {'person_with_helmet': 0, 'person_no_helmet': 1, 'hoist': 0}} safety={1: None, 2: None}
[StateManager] cams=3 moving=0 agg={1: {'person_with_helmet': 0, 'person_no_helmet': 2, 'hoist': 1}, 2: {'person_with_helmet': 0, 'person_no_helmet': 2, 'hoist': 0}} safety={1: None, 2: None}
[StateManager] cams=3 moving=0 agg={1: {'person_with_helmet': 0, 'person_no_helmet': 2, 'hoist': 1}, 2: {'person_with_helmet': 0, 'person_no_helmet': 2, 'hoist': 0}} safety={1: None, 2: None}
[StateManager] cams=3 moving=0 agg={1: {'person_with_helmet': 0, 'person_no_helmet': 1, 'hoist': 1}, 2: {'person_with_helmet': 0, 'person_no_helmet': 1, 'hoist': 0}} safety={1: None, 2: None}
[StateManager] cams=3 moving=0 agg={1: {'person_with_helmet': 0, 'person_no_helmet': 1, 'hoist': 1}, 2: {'person_with_helmet': 0, 'person_no_helmet': 1, 'hoist': 0}} safety={1: None, 2: None}
[StateManager] cams=3 moving=0 agg={1: {'person_with_helmet': 0, 'person_no_helmet': 1, 'hoist': 1}, 2: {'person_with_helmet': 0, 'person_no_helmet': 1, 'hoist': 0}} safety={1: None, 2: None}
[StateManager] cams=3 moving=0 agg={1: {'person_with_helmet': 0, 'person_no_helmet': 1, 'hoist': 1}, 2: {'person_with_helmet': 0, 'person_no_helmet': 1, 'hoist': 0}} safety={1: None, 2: None}
[StateManager] cams=3 moving=0 agg={1: {'person_with_helmet': 0, 'person_no_helmet': 1, 'hoist': 1}, 2: {'person_with_helmet': 0, 'person_no_helmet': 1, 'hoist': 0}} safety={1: None, 2: None}
[StateManager] cams=3 moving=0 agg={1: {'person_with_helmet': 0, 'person_no_helmet': 1, 'hoist': 1}, 2: {'person_with_helmet': 0, 'person_no_helmet': 1, 'hoist': 0}} safety={1: None, 2: None}
[StateManager] cams=3 moving=0 agg={1: {'person_with_helmet': 0, 'person_no_helmet': 1, 'hoist': 1}, 2: {'person_with_helmet': 0, 'person_no_helmet': 1, 'hoist': 0}} safety={1: None, 2: None}
[StateManager] cams=3 moving=0 agg={1: {'person_with_helmet': 0, 'person_no_helmet': 1, 'hoist': 1}, 2: {'person_with_helmet': 0, 'person_no_helmet': 1, 'hoist': 0}} safety={1: None, 2: None}
[StateManager] cams=3 moving=0 agg={1: {'person_with_helmet': 0, 'person_no_helmet': 1, 'hoist': 1}, 2: {'person_with_helmet': 0, 'person_no_helmet': 1, 'hoist': 0}} safety={1: None, 2: None}
[StateManager] cams=3 moving=0 agg={1: {'person_with_helmet': 0, 'person_no_helmet': 2, 'hoist': 1}, 2: {'person_with_helmet': 0, 'person_no_helmet': 2, 'hoist': 0}} safety={1: None, 2: None}
[StateManager] cams=3 moving=0 agg={1: {'person_with_helmet': 0, 'person_no_helmet': 1, 'hoist': 1}, 2: {'person_with_helmet': 0, 'person_no_helmet': 1, 'hoist': 0}} safety={1: None, 2: None}
[StateManager] cams=3 moving=0 agg={1: {'person_with_helmet': 0, 'person_no_helmet': 1, 'hoist': 1}, 2: {'person_with_helmet': 0, 'person_no_helmet': 1, 'hoist': 0}} safety={1: None, 2: None}
[StateManager] cams=3 moving=0 agg={1: {'person_with_helmet': 0, 'person_no_helmet': 1, 'hoist': 1}, 2: {'person_with_helmet': 0, 'person_no_helmet': 1, 'hoist': 0}} safety={1: None, 2: None}
[StateManager] cams=3 moving=0 agg={1: {'person_with_helmet': 0, 'person_no_helmet': 1, 'hoist': 1}, 2: {'person_with_helmet': 0, 'person_no_helmet': 1, 'hoist': 0}} safety={1: None, 2: None}
[StateManager] cams=3 moving=0 agg={1: {'person_with_helmet': 0, 'person_no_helmet': 1, 'hoist': 1}, 2: {'person_with_helmet': 0, 'person_no_helmet': 1, 'hoist': 0}} safety={1: None, 2: None}
[StateManager] cams=3 moving=0 agg={1: {'person_with_helmet': 0, 'person_no_helmet': 0, 'hoist': 1}, 2: {'person_with_helmet': 0, 'person_no_helmet': 0, 'hoist': 0}} safety={1: None, 2: None}
[StateManager] cams=3 moving=0 agg={1: {'person_with_helmet': 0, 'person_no_helmet': 1, 'hoist': 1}, 2: {'person_with_helmet': 0, 'person_no_helmet': 1, 'hoist': 0}} safety={1: None, 2: None}
[StateManager] cams=3 moving=0 agg={1: {'person_with_helmet': 0, 'person_no_helmet': 1, 'hoist': 1}, 2: {'person_with_helmet': 0, 'person_no_helmet': 1, 'hoist': 0}} safety={1: None, 2: None}
[StateManager] cams=3 moving=0 agg={1: {'person_with_helmet': 0, 'person_no_helmet': 0, 'hoist': 1}, 2: {'person_with_helmet': 0, 'person_no_helmet': 0, 'hoist': 0}} safety={1: None, 2: None}
[StateManager] cams=3 moving=0 agg={1: {'person_with_helmet': 0, 'person_no_helmet': 0, 'hoist': 1}, 2: {'person_with_helmet': 0, 'person_no_helmet': 0, 'hoist': 0}} safety={1: None, 2: None}
[StateManager] cams=3 moving=0 agg={1: {'person_with_helmet': 0, 'person_no_helmet': 0, 'hoist': 1}, 2: {'person_with_helmet': 0, 'person_no_helmet': 0, 'hoist': 0}} safety={1: None, 2: None}
[StateManager] cams=3 moving=0 agg={1: {'person_with_helmet': 0, 'person_no_helmet': 0, 'hoist': 1}, 2: {'person_with_helmet': 0, 'person_no_helmet': 0, 'hoist': 0}} safety={1: None, 2: None}
[StateManager] cams=3 moving=0 agg={1: {'person_with_helmet': 0, 'person_no_helmet': 0, 'hoist': 1}, 2: {'person_with_helmet': 0, 'person_no_helmet': 0, 'hoist': 0}} safety={1: None, 2: None}
[StateManager] cams=3 moving=0 agg={1: {'person_with_helmet': 0, 'person_no_helmet': 0, 'hoist': 1}, 2: {'person_with_helmet': 0, 'person_no_helmet': 0, 'hoist': 0}} safety={1: None, 2: None}
[StateManager] cams=3 moving=0 agg={1: {'person_with_helmet': 0, 'person_no_helmet': 0, 'hoist': 1}, 2: {'person_with_helmet': 0, 'person_no_helmet': 0, 'hoist': 0}} safety={1: None, 2: None}
[StateManager] cams=3 moving=0 agg={1: {'person_with_helmet': 0, 'person_no_helmet': 1, 'hoist': 1}, 2: {'person_with_helmet': 0, 'person_no_helmet': 1, 'hoist': 0}} safety={1: None, 2: None}
[StateManager] cams=3 moving=0 agg={1: {'person_with_helmet': 0, 'person_no_helmet': 2, 'hoist': 1}, 2: {'person_with_helmet': 0, 'person_no_helmet': 2, 'hoist': 0}} safety={1: None, 2: None}
[StateManager] cams=3 moving=0 agg={1: {'person_with_helmet': 0, 'person_no_helmet': 2, 'hoist': 1}, 2: {'person_with_helmet': 0, 'person_no_helmet': 2, 'hoist': 0}} safety={1: None, 2: None}
[StateManager] cams=3 moving=0 agg={1: {'person_with_helmet': 1, 'person_no_helmet': 2, 'hoist': 1}, 2: {'person_with_helmet': 1, 'person_no_helmet': 2, 'hoist': 0}} safety={1: None, 2: None}
